<?xml version="1.0" encoding="UTF-8"?>
<testng-results skipped="0" failed="0" ignored="0" total="2" passed="2">
  <reporter-output>
  </reporter-output>
  <suite name="Surefire suite" duration-ms="34054" started-at="2018-02-21T22:29:58Z" finished-at="2018-02-21T22:30:32Z">
    <groups>
    </groups>
    <test name="Surefire test" duration-ms="34054" started-at="2018-02-21T22:29:58Z" finished-at="2018-02-21T22:30:32Z">
      <class name="com.google.tests.GoogleHomePageTest">
        <test-method status="PASS" signature="testSetUp()[pri:0, instance:com.google.tests.GoogleHomePageTest@2f7a2457]" name="testSetUp" is-config="true" duration-ms="13270" started-at="2018-02-21T22:29:58Z" finished-at="2018-02-21T22:30:11Z">
          <reporter-output>
          </reporter-output>
        </test-method> <!-- testSetUp -->
        <test-method status="PASS" signature="test()[pri:1, instance:com.google.tests.GoogleHomePageTest@2f7a2457]" name="test" duration-ms="4692" started-at="2018-02-21T22:30:11Z" finished-at="2018-02-21T22:30:16Z">
          <reporter-output>
          </reporter-output>
        </test-method> <!-- test -->
        <test-method status="PASS" signature="tearDown()[pri:0, instance:com.google.tests.GoogleHomePageTest@2f7a2457]" name="tearDown" is-config="true" duration-ms="953" started-at="2018-02-21T22:30:16Z" finished-at="2018-02-21T22:30:17Z">
          <reporter-output>
          </reporter-output>
        </test-method> <!-- tearDown -->
        <test-method status="PASS" signature="testSetUp()[pri:0, instance:com.google.tests.GoogleHomePageTest@2f7a2457]" name="testSetUp" is-config="true" duration-ms="9584" started-at="2018-02-21T22:30:17Z" finished-at="2018-02-21T22:30:26Z">
          <reporter-output>
          </reporter-output>
        </test-method> <!-- testSetUp -->
        <test-method status="PASS" signature="verifyGooglePageTittle()[pri:2, instance:com.google.tests.GoogleHomePageTest@2f7a2457]" name="verifyGooglePageTittle" duration-ms="4661" started-at="2018-02-21T22:30:26Z" finished-at="2018-02-21T22:30:31Z">
          <reporter-output>
          </reporter-output>
        </test-method> <!-- verifyGooglePageTittle -->
        <test-method status="PASS" signature="tearDown()[pri:0, instance:com.google.tests.GoogleHomePageTest@2f7a2457]" name="tearDown" is-config="true" duration-ms="878" started-at="2018-02-21T22:30:31Z" finished-at="2018-02-21T22:30:32Z">
          <reporter-output>
          </reporter-output>
        </test-method> <!-- tearDown -->
      </class> <!-- com.google.tests.GoogleHomePageTest -->
    </test> <!-- Surefire test -->
  </suite> <!-- Surefire suite -->
</testng-results>
